C:\Users\Vardaan\documents\visual studio 2010\Projects\Face_Recognizer\Face_Recognizer\x64\Debug\cl.command.1.tlog
C:\Users\Vardaan\documents\visual studio 2010\Projects\Face_Recognizer\Face_Recognizer\x64\Debug\CL.read.1.tlog
C:\Users\Vardaan\documents\visual studio 2010\Projects\Face_Recognizer\Face_Recognizer\x64\Debug\CL.write.1.tlog
C:\USERS\VARDAAN\DOCUMENTS\VISUAL STUDIO 2010\PROJECTS\FACE_RECOGNIZER\FACE_RECOGNIZER\X64\DEBUG\FACE_RECOGNIZER.EXE.EMBED.MANIFEST
C:\USERS\VARDAAN\DOCUMENTS\VISUAL STUDIO 2010\PROJECTS\FACE_RECOGNIZER\FACE_RECOGNIZER\X64\DEBUG\FACE_RECOGNIZER.EXE.EMBED.MANIFEST.RES
C:\USERS\VARDAAN\DOCUMENTS\VISUAL STUDIO 2010\PROJECTS\FACE_RECOGNIZER\FACE_RECOGNIZER\X64\DEBUG\FACE_RECOGNIZER.EXE.INTERMEDIATE.MANIFEST
C:\Users\Vardaan\documents\visual studio 2010\Projects\Face_Recognizer\Face_Recognizer\x64\Debug\Face_Recognizer.vcxprojResolveAssemblyReference.cache
C:\Users\Vardaan\documents\visual studio 2010\Projects\Face_Recognizer\Face_Recognizer\x64\Debug\Face_Recognizer.write.1.tlog
C:\Users\Vardaan\documents\visual studio 2010\Projects\Face_Recognizer\Face_Recognizer\x64\Debug\Face_Recognizer_manifest.rc
C:\Users\Vardaan\documents\visual studio 2010\Projects\Face_Recognizer\Face_Recognizer\x64\Debug\link.11348.read.1.tlog
C:\Users\Vardaan\documents\visual studio 2010\Projects\Face_Recognizer\Face_Recognizer\x64\Debug\link.11348.write.1.tlog
C:\Users\Vardaan\documents\visual studio 2010\Projects\Face_Recognizer\Face_Recognizer\x64\Debug\link.11348-cvtres.read.1.tlog
C:\Users\Vardaan\documents\visual studio 2010\Projects\Face_Recognizer\Face_Recognizer\x64\Debug\link.11348-cvtres.write.1.tlog
C:\Users\Vardaan\documents\visual studio 2010\Projects\Face_Recognizer\Face_Recognizer\x64\Debug\link.1268.read.1.tlog
C:\Users\Vardaan\documents\visual studio 2010\Projects\Face_Recognizer\Face_Recognizer\x64\Debug\link.1268.write.1.tlog
C:\Users\Vardaan\documents\visual studio 2010\Projects\Face_Recognizer\Face_Recognizer\x64\Debug\link.1268-cvtres.read.1.tlog
C:\Users\Vardaan\documents\visual studio 2010\Projects\Face_Recognizer\Face_Recognizer\x64\Debug\link.1268-cvtres.write.1.tlog
C:\Users\Vardaan\documents\visual studio 2010\Projects\Face_Recognizer\Face_Recognizer\x64\Debug\link.13732.read.1.tlog
C:\Users\Vardaan\documents\visual studio 2010\Projects\Face_Recognizer\Face_Recognizer\x64\Debug\link.13732.write.1.tlog
C:\Users\Vardaan\documents\visual studio 2010\Projects\Face_Recognizer\Face_Recognizer\x64\Debug\link.13732-cvtres.read.1.tlog
C:\Users\Vardaan\documents\visual studio 2010\Projects\Face_Recognizer\Face_Recognizer\x64\Debug\link.13732-cvtres.write.1.tlog
C:\Users\Vardaan\documents\visual studio 2010\Projects\Face_Recognizer\Face_Recognizer\x64\Debug\link.3236.read.1.tlog
C:\Users\Vardaan\documents\visual studio 2010\Projects\Face_Recognizer\Face_Recognizer\x64\Debug\link.3236.write.1.tlog
C:\Users\Vardaan\documents\visual studio 2010\Projects\Face_Recognizer\Face_Recognizer\x64\Debug\link.3236-cvtres.read.1.tlog
C:\Users\Vardaan\documents\visual studio 2010\Projects\Face_Recognizer\Face_Recognizer\x64\Debug\link.3236-cvtres.write.1.tlog
C:\Users\Vardaan\documents\visual studio 2010\Projects\Face_Recognizer\Face_Recognizer\x64\Debug\link.3644.read.1.tlog
C:\Users\Vardaan\documents\visual studio 2010\Projects\Face_Recognizer\Face_Recognizer\x64\Debug\link.3644.write.1.tlog
C:\Users\Vardaan\documents\visual studio 2010\Projects\Face_Recognizer\Face_Recognizer\x64\Debug\link.3644-cvtres.read.1.tlog
C:\Users\Vardaan\documents\visual studio 2010\Projects\Face_Recognizer\Face_Recognizer\x64\Debug\link.3644-cvtres.write.1.tlog
C:\Users\Vardaan\documents\visual studio 2010\Projects\Face_Recognizer\Face_Recognizer\x64\Debug\link.4432.read.1.tlog
C:\Users\Vardaan\documents\visual studio 2010\Projects\Face_Recognizer\Face_Recognizer\x64\Debug\link.4432.write.1.tlog
C:\Users\Vardaan\documents\visual studio 2010\Projects\Face_Recognizer\Face_Recognizer\x64\Debug\link.4432-cvtres.read.1.tlog
C:\Users\Vardaan\documents\visual studio 2010\Projects\Face_Recognizer\Face_Recognizer\x64\Debug\link.4432-cvtres.write.1.tlog
C:\Users\Vardaan\documents\visual studio 2010\Projects\Face_Recognizer\Face_Recognizer\x64\Debug\link.500.read.1.tlog
C:\Users\Vardaan\documents\visual studio 2010\Projects\Face_Recognizer\Face_Recognizer\x64\Debug\link.500.write.1.tlog
C:\Users\Vardaan\documents\visual studio 2010\Projects\Face_Recognizer\Face_Recognizer\x64\Debug\link.500-cvtres.read.1.tlog
C:\Users\Vardaan\documents\visual studio 2010\Projects\Face_Recognizer\Face_Recognizer\x64\Debug\link.500-cvtres.write.1.tlog
C:\Users\Vardaan\documents\visual studio 2010\Projects\Face_Recognizer\Face_Recognizer\x64\Debug\link.9888.read.1.tlog
C:\Users\Vardaan\documents\visual studio 2010\Projects\Face_Recognizer\Face_Recognizer\x64\Debug\link.9888.write.1.tlog
C:\Users\Vardaan\documents\visual studio 2010\Projects\Face_Recognizer\Face_Recognizer\x64\Debug\link.9888-cvtres.read.1.tlog
C:\Users\Vardaan\documents\visual studio 2010\Projects\Face_Recognizer\Face_Recognizer\x64\Debug\link.9888-cvtres.write.1.tlog
C:\Users\Vardaan\documents\visual studio 2010\Projects\Face_Recognizer\Face_Recognizer\x64\Debug\link.command.1.tlog
C:\Users\Vardaan\documents\visual studio 2010\Projects\Face_Recognizer\Face_Recognizer\x64\Debug\link.read.1.tlog
C:\Users\Vardaan\documents\visual studio 2010\Projects\Face_Recognizer\Face_Recognizer\x64\Debug\link.write.1.tlog
C:\Users\Vardaan\documents\visual studio 2010\Projects\Face_Recognizer\Face_Recognizer\x64\Debug\link-cvtres.read.1.tlog
C:\Users\Vardaan\documents\visual studio 2010\Projects\Face_Recognizer\Face_Recognizer\x64\Debug\link-cvtres.write.1.tlog
C:\Users\Vardaan\documents\visual studio 2010\Projects\Face_Recognizer\Face_Recognizer\x64\Debug\mt.command.1.tlog
C:\Users\Vardaan\documents\visual studio 2010\Projects\Face_Recognizer\Face_Recognizer\x64\Debug\mt.read.1.tlog
C:\Users\Vardaan\documents\visual studio 2010\Projects\Face_Recognizer\Face_Recognizer\x64\Debug\mt.write.1.tlog
C:\Users\Vardaan\documents\visual studio 2010\Projects\Face_Recognizer\Face_Recognizer\x64\Debug\rc.command.1.tlog
C:\Users\Vardaan\documents\visual studio 2010\Projects\Face_Recognizer\Face_Recognizer\x64\Debug\rc.read.1.tlog
C:\Users\Vardaan\documents\visual studio 2010\Projects\Face_Recognizer\Face_Recognizer\x64\Debug\rc.write.1.tlog
C:\USERS\VARDAAN\DOCUMENTS\VISUAL STUDIO 2010\PROJECTS\FACE_RECOGNIZER\FACE_RECOGNIZER\X64\DEBUG\SOURCE.OBJ
C:\Users\Vardaan\documents\visual studio 2010\Projects\Face_Recognizer\Face_Recognizer\x64\Debug\vc100.idb
C:\USERS\VARDAAN\DOCUMENTS\VISUAL STUDIO 2010\PROJECTS\FACE_RECOGNIZER\FACE_RECOGNIZER\X64\DEBUG\VC100.PDB
C:\USERS\VARDAAN\DOCUMENTS\VISUAL STUDIO 2010\PROJECTS\FACE_RECOGNIZER\X64\DEBUG\FACE_RECOGNIZER.EXE
C:\USERS\VARDAAN\DOCUMENTS\VISUAL STUDIO 2010\PROJECTS\FACE_RECOGNIZER\X64\DEBUG\FACE_RECOGNIZER.ILK
C:\USERS\VARDAAN\DOCUMENTS\VISUAL STUDIO 2010\PROJECTS\FACE_RECOGNIZER\X64\DEBUG\FACE_RECOGNIZER.PDB
